Analysis & Synthesis report for procesador
Wed Nov 27 10:57:45 2024
Quartus II 64-Bit Version 13.0.1 Build 232 06/12/2013 Service Pack 1 SJ Web Edition


---------------------
; Table of Contents ;
---------------------
  1. Legal Notice
  2. Analysis & Synthesis Summary
  3. Analysis & Synthesis Settings
  4. Parallel Compilation
  5. Analysis & Synthesis Source Files Read
  6. Analysis & Synthesis Resource Usage Summary
  7. Analysis & Synthesis Resource Utilization by Entity
  8. Registers Removed During Synthesis
  9. General Register Statistics
 10. Multiplexer Restructuring Statistics (Restructuring Performed)
 11. Parameter Settings for User Entity Instance: stack_p:stack
 12. Port Connectivity Checks: "registro:puertoB"
 13. Port Connectivity Checks: "ALU:A_L_U"
 14. Port Connectivity Checks: "archivo_registros:archivo_r"
 15. Elapsed Time Per Partition
 16. Analysis & Synthesis Messages



----------------
; Legal Notice ;
----------------
Copyright (C) 1991-2013 Altera Corporation
Your use of Altera Corporation's design tools, logic functions 
and other software and tools, and its AMPP partner logic 
functions, and any output files from any of the foregoing 
(including device programming or simulation files), and any 
associated documentation or information are expressly subject 
to the terms and conditions of the Altera Program License 
Subscription Agreement, Altera MegaCore Function License 
Agreement, or other applicable license agreement, including, 
without limitation, that your use is for the sole purpose of 
programming logic devices manufactured by Altera and sold by 
Altera or its authorized distributors.  Please refer to the 
applicable agreement for further details.



+--------------------------------------------------------------------------------------+
; Analysis & Synthesis Summary                                                         ;
+------------------------------------+-------------------------------------------------+
; Analysis & Synthesis Status        ; Successful - Wed Nov 27 10:57:45 2024           ;
; Quartus II 64-Bit Version          ; 13.0.1 Build 232 06/12/2013 SP 1 SJ Web Edition ;
; Revision Name                      ; procesador                                      ;
; Top-level Entity Name              ; procesador                                      ;
; Family                             ; Cyclone IV E                                    ;
; Total logic elements               ; 1,201                                           ;
;     Total combinational functions  ; 848                                             ;
;     Dedicated logic registers      ; 412                                             ;
; Total registers                    ; 412                                             ;
; Total pins                         ; 10                                              ;
; Total virtual pins                 ; 0                                               ;
; Total memory bits                  ; 0                                               ;
; Embedded Multiplier 9-bit elements ; 0                                               ;
; Total PLLs                         ; 0                                               ;
+------------------------------------+-------------------------------------------------+


+----------------------------------------------------------------------------------------------------------------------+
; Analysis & Synthesis Settings                                                                                        ;
+----------------------------------------------------------------------------+--------------------+--------------------+
; Option                                                                     ; Setting            ; Default Value      ;
+----------------------------------------------------------------------------+--------------------+--------------------+
; Device                                                                     ; EP4CE6E22C8        ;                    ;
; Top-level entity name                                                      ; procesador         ; procesador         ;
; Family name                                                                ; Cyclone IV E       ; Cyclone V          ;
; Use smart compilation                                                      ; Off                ; Off                ;
; Enable parallel Assembler and TimeQuest Timing Analyzer during compilation ; On                 ; On                 ;
; Enable compact report table                                                ; Off                ; Off                ;
; Restructure Multiplexers                                                   ; Auto               ; Auto               ;
; Create Debugging Nodes for IP Cores                                        ; Off                ; Off                ;
; Preserve fewer node names                                                  ; On                 ; On                 ;
; Disable OpenCore Plus hardware evaluation                                  ; Off                ; Off                ;
; Verilog Version                                                            ; Verilog_2001       ; Verilog_2001       ;
; VHDL Version                                                               ; VHDL_1993          ; VHDL_1993          ;
; State Machine Processing                                                   ; Auto               ; Auto               ;
; Safe State Machine                                                         ; Off                ; Off                ;
; Extract Verilog State Machines                                             ; On                 ; On                 ;
; Extract VHDL State Machines                                                ; On                 ; On                 ;
; Ignore Verilog initial constructs                                          ; Off                ; Off                ;
; Iteration limit for constant Verilog loops                                 ; 5000               ; 5000               ;
; Iteration limit for non-constant Verilog loops                             ; 250                ; 250                ;
; Add Pass-Through Logic to Inferred RAMs                                    ; On                 ; On                 ;
; Infer RAMs from Raw Logic                                                  ; On                 ; On                 ;
; Parallel Synthesis                                                         ; On                 ; On                 ;
; DSP Block Balancing                                                        ; Auto               ; Auto               ;
; NOT Gate Push-Back                                                         ; On                 ; On                 ;
; Power-Up Don't Care                                                        ; On                 ; On                 ;
; Remove Redundant Logic Cells                                               ; Off                ; Off                ;
; Remove Duplicate Registers                                                 ; On                 ; On                 ;
; Ignore CARRY Buffers                                                       ; Off                ; Off                ;
; Ignore CASCADE Buffers                                                     ; Off                ; Off                ;
; Ignore GLOBAL Buffers                                                      ; Off                ; Off                ;
; Ignore ROW GLOBAL Buffers                                                  ; Off                ; Off                ;
; Ignore LCELL Buffers                                                       ; Off                ; Off                ;
; Ignore SOFT Buffers                                                        ; On                 ; On                 ;
; Limit AHDL Integers to 32 Bits                                             ; Off                ; Off                ;
; Optimization Technique                                                     ; Balanced           ; Balanced           ;
; Carry Chain Length                                                         ; 70                 ; 70                 ;
; Auto Carry Chains                                                          ; On                 ; On                 ;
; Auto Open-Drain Pins                                                       ; On                 ; On                 ;
; Perform WYSIWYG Primitive Resynthesis                                      ; Off                ; Off                ;
; Auto ROM Replacement                                                       ; On                 ; On                 ;
; Auto RAM Replacement                                                       ; On                 ; On                 ;
; Auto DSP Block Replacement                                                 ; On                 ; On                 ;
; Auto Shift Register Replacement                                            ; Auto               ; Auto               ;
; Allow Shift Register Merging across Hierarchies                            ; Auto               ; Auto               ;
; Auto Clock Enable Replacement                                              ; On                 ; On                 ;
; Strict RAM Replacement                                                     ; Off                ; Off                ;
; Allow Synchronous Control Signals                                          ; On                 ; On                 ;
; Force Use of Synchronous Clear Signals                                     ; Off                ; Off                ;
; Auto RAM Block Balancing                                                   ; On                 ; On                 ;
; Auto RAM to Logic Cell Conversion                                          ; Off                ; Off                ;
; Auto Resource Sharing                                                      ; Off                ; Off                ;
; Allow Any RAM Size For Recognition                                         ; Off                ; Off                ;
; Allow Any ROM Size For Recognition                                         ; Off                ; Off                ;
; Allow Any Shift Register Size For Recognition                              ; Off                ; Off                ;
; Use LogicLock Constraints during Resource Balancing                        ; On                 ; On                 ;
; Ignore translate_off and synthesis_off directives                          ; Off                ; Off                ;
; Timing-Driven Synthesis                                                    ; On                 ; On                 ;
; Report Parameter Settings                                                  ; On                 ; On                 ;
; Report Source Assignments                                                  ; On                 ; On                 ;
; Report Connectivity Checks                                                 ; On                 ; On                 ;
; Ignore Maximum Fan-Out Assignments                                         ; Off                ; Off                ;
; Synchronization Register Chain Length                                      ; 2                  ; 2                  ;
; PowerPlay Power Optimization                                               ; Normal compilation ; Normal compilation ;
; HDL message level                                                          ; Level2             ; Level2             ;
; Suppress Register Optimization Related Messages                            ; Off                ; Off                ;
; Number of Removed Registers Reported in Synthesis Report                   ; 5000               ; 5000               ;
; Number of Swept Nodes Reported in Synthesis Report                         ; 5000               ; 5000               ;
; Number of Inverted Registers Reported in Synthesis Report                  ; 100                ; 100                ;
; Clock MUX Protection                                                       ; On                 ; On                 ;
; Auto Gated Clock Conversion                                                ; Off                ; Off                ;
; Block Design Naming                                                        ; Auto               ; Auto               ;
; SDC constraint protection                                                  ; Off                ; Off                ;
; Synthesis Effort                                                           ; Auto               ; Auto               ;
; Shift Register Replacement - Allow Asynchronous Clear Signal               ; On                 ; On                 ;
; Pre-Mapping Resynthesis Optimization                                       ; Off                ; Off                ;
; Analysis & Synthesis Message Level                                         ; Medium             ; Medium             ;
; Disable Register Merging Across Hierarchies                                ; Auto               ; Auto               ;
; Resource Aware Inference For Block RAM                                     ; On                 ; On                 ;
; Synthesis Seed                                                             ; 1                  ; 1                  ;
+----------------------------------------------------------------------------+--------------------+--------------------+


Parallel compilation was disabled, but you have multiple processors available. Enable parallel compilation to reduce compilation time.
+-------------------------------------+
; Parallel Compilation                ;
+----------------------------+--------+
; Processors                 ; Number ;
+----------------------------+--------+
; Number detected on machine ; 12     ;
; Maximum allowed            ; 1      ;
+----------------------------+--------+


+--------------------------------------------------------------------------------------------------------------------------------------------------------------------------------------+
; Analysis & Synthesis Source Files Read                                                                                                                                               ;
+----------------------------------+-----------------+-----------------------+-----------------------------------------------------------------------------------------------+---------+
; File Name with User-Entered Path ; Used in Netlist ; File Type             ; File Name with Absolute Path                                                                  ; Library ;
+----------------------------------+-----------------+-----------------------+-----------------------------------------------------------------------------------------------+---------+
; Stack_P.vhd                      ; yes             ; User VHDL File        ; C:/Users/leonm/OneDrive/Escritorio/5 semestre/arquitectura/procesador-2/Stack_P.vhd           ;         ;
; RAM.vhd                          ; yes             ; User VHDL File        ; C:/Users/leonm/OneDrive/Escritorio/5 semestre/arquitectura/procesador-2/RAM.vhd               ;         ;
; sreg.vhd                         ; yes             ; User VHDL File        ; C:/Users/leonm/OneDrive/Escritorio/5 semestre/arquitectura/procesador-2/sreg.vhd              ;         ;
; ext_sig_br.vhd                   ; yes             ; User VHDL File        ; C:/Users/leonm/OneDrive/Escritorio/5 semestre/arquitectura/procesador-2/ext_sig_br.vhd        ;         ;
; registro.vhd                     ; yes             ; User VHDL File        ; C:/Users/leonm/OneDrive/Escritorio/5 semestre/arquitectura/procesador-2/registro.vhd          ;         ;
; Program_C.vhd                    ; yes             ; User VHDL File        ; C:/Users/leonm/OneDrive/Escritorio/5 semestre/arquitectura/procesador-2/Program_C.vhd         ;         ;
; mem_prog.vhd                     ; yes             ; User VHDL File        ; C:/Users/leonm/OneDrive/Escritorio/5 semestre/arquitectura/procesador-2/mem_prog.vhd          ;         ;
; dec_instruccion.vhd              ; yes             ; User VHDL File        ; C:/Users/leonm/OneDrive/Escritorio/5 semestre/arquitectura/procesador-2/dec_instruccion.vhd   ;         ;
; ALU.vhd                          ; yes             ; User VHDL File        ; C:/Users/leonm/OneDrive/Escritorio/5 semestre/arquitectura/procesador-2/ALU.vhd               ;         ;
; procesador.vhd                   ; yes             ; User VHDL File        ; C:/Users/leonm/OneDrive/Escritorio/5 semestre/arquitectura/procesador-2/procesador.vhd        ;         ;
; ext_sig_rjmp.vhd                 ; yes             ; User VHDL File        ; C:/Users/leonm/OneDrive/Escritorio/5 semestre/arquitectura/procesador-2/ext_sig_rjmp.vhd      ;         ;
; archivo_registros.vhd            ; yes             ; Auto-Found VHDL File  ; C:/Users/leonm/OneDrive/Escritorio/5 semestre/arquitectura/procesador-2/archivo_registros.vhd ;         ;
; dec5_32.vhd                      ; yes             ; Auto-Found VHDL File  ; C:/Users/leonm/OneDrive/Escritorio/5 semestre/arquitectura/procesador-2/dec5_32.vhd           ;         ;
; mux32_8.vhd                      ; yes             ; Auto-Found VHDL File  ; C:/Users/leonm/OneDrive/Escritorio/5 semestre/arquitectura/procesador-2/mux32_8.vhd           ;         ;
+----------------------------------+-----------------+-----------------------+-----------------------------------------------------------------------------------------------+---------+


+---------------------------------------------------------+
; Analysis & Synthesis Resource Usage Summary             ;
+---------------------------------------------+-----------+
; Resource                                    ; Usage     ;
+---------------------------------------------+-----------+
; Estimated Total logic elements              ; 1,201     ;
;                                             ;           ;
; Total combinational functions               ; 848       ;
; Logic element usage by number of LUT inputs ;           ;
;     -- 4 input functions                    ; 660       ;
;     -- 3 input functions                    ; 109       ;
;     -- <=2 input functions                  ; 79        ;
;                                             ;           ;
; Logic elements by mode                      ;           ;
;     -- normal mode                          ; 786       ;
;     -- arithmetic mode                      ; 62        ;
;                                             ;           ;
; Total registers                             ; 412       ;
;     -- Dedicated logic registers            ; 412       ;
;     -- I/O registers                        ; 0         ;
;                                             ;           ;
; I/O pins                                    ; 10        ;
; Embedded Multiplier 9-bit elements          ; 0         ;
; Maximum fan-out node                        ; clk~input ;
; Maximum fan-out                             ; 412       ;
; Total fan-out                               ; 4666      ;
; Average fan-out                             ; 3.65      ;
+---------------------------------------------+-----------+


+-----------------------------------------------------------------------------------------------------------------------------------------------------------------------------------------------------------------------------+
; Analysis & Synthesis Resource Utilization by Entity                                                                                                                                                                         ;
+----------------------------------+-------------------+--------------+-------------+--------------+---------+-----------+------+--------------+---------------------------------------------------------------+--------------+
; Compilation Hierarchy Node       ; LC Combinationals ; LC Registers ; Memory Bits ; DSP Elements ; DSP 9x9 ; DSP 18x18 ; Pins ; Virtual Pins ; Full Hierarchy Name                                           ; Library Name ;
+----------------------------------+-------------------+--------------+-------------+--------------+---------+-----------+------+--------------+---------------------------------------------------------------+--------------+
; |procesador                      ; 848 (78)          ; 412 (0)      ; 0           ; 0            ; 0       ; 0         ; 10   ; 0            ; |procesador                                                   ; work         ;
;    |ALU:A_L_U|                   ; 58 (58)           ; 0 (0)        ; 0           ; 0            ; 0       ; 0         ; 0    ; 0            ; |procesador|ALU:A_L_U                                         ; work         ;
;    |RAM:R_A_M|                   ; 104 (104)         ; 128 (128)    ; 0           ; 0            ; 0       ; 0         ; 0    ; 0            ; |procesador|RAM:R_A_M                                         ; work         ;
;    |archivo_registros:archivo_r| ; 384 (0)           ; 256 (0)      ; 0           ; 0            ; 0       ; 0         ; 0    ; 0            ; |procesador|archivo_registros:archivo_r                       ; work         ;
;       |dec5_32:decodificador|    ; 48 (48)           ; 0 (0)        ; 0           ; 0            ; 0       ; 0         ; 0    ; 0            ; |procesador|archivo_registros:archivo_r|dec5_32:decodificador ; work         ;
;       |mux32_8:mux_destino|      ; 168 (168)         ; 0 (0)        ; 0           ; 0            ; 0       ; 0         ; 0    ; 0            ; |procesador|archivo_registros:archivo_r|mux32_8:mux_destino   ; work         ;
;       |mux32_8:mux_fuente|       ; 168 (168)         ; 0 (0)        ; 0           ; 0            ; 0       ; 0         ; 0    ; 0            ; |procesador|archivo_registros:archivo_r|mux32_8:mux_fuente    ; work         ;
;       |registro:reg0|            ; 0 (0)             ; 8 (8)        ; 0           ; 0            ; 0       ; 0         ; 0    ; 0            ; |procesador|archivo_registros:archivo_r|registro:reg0         ; work         ;
;       |registro:reg10|           ; 0 (0)             ; 8 (8)        ; 0           ; 0            ; 0       ; 0         ; 0    ; 0            ; |procesador|archivo_registros:archivo_r|registro:reg10        ; work         ;
;       |registro:reg11|           ; 0 (0)             ; 8 (8)        ; 0           ; 0            ; 0       ; 0         ; 0    ; 0            ; |procesador|archivo_registros:archivo_r|registro:reg11        ; work         ;
;       |registro:reg12|           ; 0 (0)             ; 8 (8)        ; 0           ; 0            ; 0       ; 0         ; 0    ; 0            ; |procesador|archivo_registros:archivo_r|registro:reg12        ; work         ;
;       |registro:reg13|           ; 0 (0)             ; 8 (8)        ; 0           ; 0            ; 0       ; 0         ; 0    ; 0            ; |procesador|archivo_registros:archivo_r|registro:reg13        ; work         ;
;       |registro:reg14|           ; 0 (0)             ; 8 (8)        ; 0           ; 0            ; 0       ; 0         ; 0    ; 0            ; |procesador|archivo_registros:archivo_r|registro:reg14        ; work         ;
;       |registro:reg15|           ; 0 (0)             ; 8 (8)        ; 0           ; 0            ; 0       ; 0         ; 0    ; 0            ; |procesador|archivo_registros:archivo_r|registro:reg15        ; work         ;
;       |registro:reg16|           ; 0 (0)             ; 8 (8)        ; 0           ; 0            ; 0       ; 0         ; 0    ; 0            ; |procesador|archivo_registros:archivo_r|registro:reg16        ; work         ;
;       |registro:reg17|           ; 0 (0)             ; 8 (8)        ; 0           ; 0            ; 0       ; 0         ; 0    ; 0            ; |procesador|archivo_registros:archivo_r|registro:reg17        ; work         ;
;       |registro:reg18|           ; 0 (0)             ; 8 (8)        ; 0           ; 0            ; 0       ; 0         ; 0    ; 0            ; |procesador|archivo_registros:archivo_r|registro:reg18        ; work         ;
;       |registro:reg19|           ; 0 (0)             ; 8 (8)        ; 0           ; 0            ; 0       ; 0         ; 0    ; 0            ; |procesador|archivo_registros:archivo_r|registro:reg19        ; work         ;
;       |registro:reg1|            ; 0 (0)             ; 8 (8)        ; 0           ; 0            ; 0       ; 0         ; 0    ; 0            ; |procesador|archivo_registros:archivo_r|registro:reg1         ; work         ;
;       |registro:reg20|           ; 0 (0)             ; 8 (8)        ; 0           ; 0            ; 0       ; 0         ; 0    ; 0            ; |procesador|archivo_registros:archivo_r|registro:reg20        ; work         ;
;       |registro:reg21|           ; 0 (0)             ; 8 (8)        ; 0           ; 0            ; 0       ; 0         ; 0    ; 0            ; |procesador|archivo_registros:archivo_r|registro:reg21        ; work         ;
;       |registro:reg22|           ; 0 (0)             ; 8 (8)        ; 0           ; 0            ; 0       ; 0         ; 0    ; 0            ; |procesador|archivo_registros:archivo_r|registro:reg22        ; work         ;
;       |registro:reg23|           ; 0 (0)             ; 8 (8)        ; 0           ; 0            ; 0       ; 0         ; 0    ; 0            ; |procesador|archivo_registros:archivo_r|registro:reg23        ; work         ;
;       |registro:reg24|           ; 0 (0)             ; 8 (8)        ; 0           ; 0            ; 0       ; 0         ; 0    ; 0            ; |procesador|archivo_registros:archivo_r|registro:reg24        ; work         ;
;       |registro:reg25|           ; 0 (0)             ; 8 (8)        ; 0           ; 0            ; 0       ; 0         ; 0    ; 0            ; |procesador|archivo_registros:archivo_r|registro:reg25        ; work         ;
;       |registro:reg26|           ; 0 (0)             ; 8 (8)        ; 0           ; 0            ; 0       ; 0         ; 0    ; 0            ; |procesador|archivo_registros:archivo_r|registro:reg26        ; work         ;
;       |registro:reg27|           ; 0 (0)             ; 8 (8)        ; 0           ; 0            ; 0       ; 0         ; 0    ; 0            ; |procesador|archivo_registros:archivo_r|registro:reg27        ; work         ;
;       |registro:reg28|           ; 0 (0)             ; 8 (8)        ; 0           ; 0            ; 0       ; 0         ; 0    ; 0            ; |procesador|archivo_registros:archivo_r|registro:reg28        ; work         ;
;       |registro:reg29|           ; 0 (0)             ; 8 (8)        ; 0           ; 0            ; 0       ; 0         ; 0    ; 0            ; |procesador|archivo_registros:archivo_r|registro:reg29        ; work         ;
;       |registro:reg2|            ; 0 (0)             ; 8 (8)        ; 0           ; 0            ; 0       ; 0         ; 0    ; 0            ; |procesador|archivo_registros:archivo_r|registro:reg2         ; work         ;
;       |registro:reg30|           ; 0 (0)             ; 8 (8)        ; 0           ; 0            ; 0       ; 0         ; 0    ; 0            ; |procesador|archivo_registros:archivo_r|registro:reg30        ; work         ;
;       |registro:reg31|           ; 0 (0)             ; 8 (8)        ; 0           ; 0            ; 0       ; 0         ; 0    ; 0            ; |procesador|archivo_registros:archivo_r|registro:reg31        ; work         ;
;       |registro:reg3|            ; 0 (0)             ; 8 (8)        ; 0           ; 0            ; 0       ; 0         ; 0    ; 0            ; |procesador|archivo_registros:archivo_r|registro:reg3         ; work         ;
;       |registro:reg4|            ; 0 (0)             ; 8 (8)        ; 0           ; 0            ; 0       ; 0         ; 0    ; 0            ; |procesador|archivo_registros:archivo_r|registro:reg4         ; work         ;
;       |registro:reg5|            ; 0 (0)             ; 8 (8)        ; 0           ; 0            ; 0       ; 0         ; 0    ; 0            ; |procesador|archivo_registros:archivo_r|registro:reg5         ; work         ;
;       |registro:reg6|            ; 0 (0)             ; 8 (8)        ; 0           ; 0            ; 0       ; 0         ; 0    ; 0            ; |procesador|archivo_registros:archivo_r|registro:reg6         ; work         ;
;       |registro:reg7|            ; 0 (0)             ; 8 (8)        ; 0           ; 0            ; 0       ; 0         ; 0    ; 0            ; |procesador|archivo_registros:archivo_r|registro:reg7         ; work         ;
;       |registro:reg8|            ; 0 (0)             ; 8 (8)        ; 0           ; 0            ; 0       ; 0         ; 0    ; 0            ; |procesador|archivo_registros:archivo_r|registro:reg8         ; work         ;
;       |registro:reg9|            ; 0 (0)             ; 8 (8)        ; 0           ; 0            ; 0       ; 0         ; 0    ; 0            ; |procesador|archivo_registros:archivo_r|registro:reg9         ; work         ;
;    |dec_instruccion:dec_int|     ; 53 (53)           ; 0 (0)        ; 0           ; 0            ; 0       ; 0         ; 0    ; 0            ; |procesador|dec_instruccion:dec_int                           ; work         ;
;    |mem_prog:rom|                ; 149 (149)         ; 0 (0)        ; 0           ; 0            ; 0       ; 0         ; 0    ; 0            ; |procesador|mem_prog:rom                                      ; work         ;
;    |program_c:pc|                ; 16 (16)           ; 16 (16)      ; 0           ; 0            ; 0       ; 0         ; 0    ; 0            ; |procesador|program_c:pc                                      ; work         ;
;    |registro:puertoB|            ; 0 (0)             ; 8 (8)        ; 0           ; 0            ; 0       ; 0         ; 0    ; 0            ; |procesador|registro:puertoB                                  ; work         ;
;    |sreg:registro_s|             ; 5 (5)             ; 1 (1)        ; 0           ; 0            ; 0       ; 0         ; 0    ; 0            ; |procesador|sreg:registro_s                                   ; work         ;
;    |stack_p:stack|               ; 1 (1)             ; 3 (3)        ; 0           ; 0            ; 0       ; 0         ; 0    ; 0            ; |procesador|stack_p:stack                                     ; work         ;
+----------------------------------+-------------------+--------------+-------------+--------------+---------+-----------+------+--------------+---------------------------------------------------------------+--------------+
Note: For table entries with two numbers listed, the numbers in parentheses indicate the number of resources of the given type used by the specific entity alone. The numbers listed outside of parentheses indicate the total resources of the given type used by the specific entity and all of its sub-entities in the hierarchy.


+----------------------------------------------------------------------------------+
; Registers Removed During Synthesis                                               ;
+-----------------------------------------+----------------------------------------+
; Register name                           ; Reason for Removal                     ;
+-----------------------------------------+----------------------------------------+
; stack_p:stack|q_aux[0]                  ; Stuck at GND due to stuck port data_in ;
; RAM:R_A_M|dato~37                       ; Lost fanout                            ;
; RAM:R_A_M|dato~38                       ; Lost fanout                            ;
; RAM:R_A_M|dato~39                       ; Lost fanout                            ;
; RAM:R_A_M|dato~40                       ; Lost fanout                            ;
; RAM:R_A_M|dato~41                       ; Lost fanout                            ;
; RAM:R_A_M|dato~42                       ; Lost fanout                            ;
; RAM:R_A_M|dato~43                       ; Lost fanout                            ;
; RAM:R_A_M|dato~44                       ; Lost fanout                            ;
; RAM:R_A_M|dato~45                       ; Lost fanout                            ;
; RAM:R_A_M|dato~46                       ; Lost fanout                            ;
; RAM:R_A_M|dato~47                       ; Lost fanout                            ;
; RAM:R_A_M|dato~48                       ; Lost fanout                            ;
; RAM:R_A_M|dato~49                       ; Lost fanout                            ;
; RAM:R_A_M|dato~50                       ; Lost fanout                            ;
; RAM:R_A_M|dato~51                       ; Lost fanout                            ;
; RAM:R_A_M|dato~52                       ; Lost fanout                            ;
; RAM:R_A_M|dato~69                       ; Lost fanout                            ;
; RAM:R_A_M|dato~70                       ; Lost fanout                            ;
; RAM:R_A_M|dato~71                       ; Lost fanout                            ;
; RAM:R_A_M|dato~72                       ; Lost fanout                            ;
; RAM:R_A_M|dato~73                       ; Lost fanout                            ;
; RAM:R_A_M|dato~74                       ; Lost fanout                            ;
; RAM:R_A_M|dato~75                       ; Lost fanout                            ;
; RAM:R_A_M|dato~76                       ; Lost fanout                            ;
; RAM:R_A_M|dato~77                       ; Lost fanout                            ;
; RAM:R_A_M|dato~78                       ; Lost fanout                            ;
; RAM:R_A_M|dato~79                       ; Lost fanout                            ;
; RAM:R_A_M|dato~80                       ; Lost fanout                            ;
; RAM:R_A_M|dato~81                       ; Lost fanout                            ;
; RAM:R_A_M|dato~82                       ; Lost fanout                            ;
; RAM:R_A_M|dato~83                       ; Lost fanout                            ;
; RAM:R_A_M|dato~84                       ; Lost fanout                            ;
; RAM:R_A_M|dato~101                      ; Lost fanout                            ;
; RAM:R_A_M|dato~102                      ; Lost fanout                            ;
; RAM:R_A_M|dato~103                      ; Lost fanout                            ;
; RAM:R_A_M|dato~104                      ; Lost fanout                            ;
; RAM:R_A_M|dato~105                      ; Lost fanout                            ;
; RAM:R_A_M|dato~106                      ; Lost fanout                            ;
; RAM:R_A_M|dato~107                      ; Lost fanout                            ;
; RAM:R_A_M|dato~108                      ; Lost fanout                            ;
; RAM:R_A_M|dato~109                      ; Lost fanout                            ;
; RAM:R_A_M|dato~110                      ; Lost fanout                            ;
; RAM:R_A_M|dato~111                      ; Lost fanout                            ;
; RAM:R_A_M|dato~112                      ; Lost fanout                            ;
; RAM:R_A_M|dato~113                      ; Lost fanout                            ;
; RAM:R_A_M|dato~114                      ; Lost fanout                            ;
; RAM:R_A_M|dato~115                      ; Lost fanout                            ;
; RAM:R_A_M|dato~116                      ; Lost fanout                            ;
; RAM:R_A_M|dato~133                      ; Lost fanout                            ;
; RAM:R_A_M|dato~134                      ; Lost fanout                            ;
; RAM:R_A_M|dato~135                      ; Lost fanout                            ;
; RAM:R_A_M|dato~136                      ; Lost fanout                            ;
; RAM:R_A_M|dato~137                      ; Lost fanout                            ;
; RAM:R_A_M|dato~138                      ; Lost fanout                            ;
; RAM:R_A_M|dato~139                      ; Lost fanout                            ;
; RAM:R_A_M|dato~140                      ; Lost fanout                            ;
; RAM:R_A_M|dato~141                      ; Lost fanout                            ;
; RAM:R_A_M|dato~142                      ; Lost fanout                            ;
; RAM:R_A_M|dato~143                      ; Lost fanout                            ;
; RAM:R_A_M|dato~144                      ; Lost fanout                            ;
; RAM:R_A_M|dato~145                      ; Lost fanout                            ;
; RAM:R_A_M|dato~146                      ; Lost fanout                            ;
; RAM:R_A_M|dato~147                      ; Lost fanout                            ;
; RAM:R_A_M|dato~148                      ; Lost fanout                            ;
; RAM:R_A_M|dato~165                      ; Lost fanout                            ;
; RAM:R_A_M|dato~166                      ; Lost fanout                            ;
; RAM:R_A_M|dato~167                      ; Lost fanout                            ;
; RAM:R_A_M|dato~168                      ; Lost fanout                            ;
; RAM:R_A_M|dato~169                      ; Lost fanout                            ;
; RAM:R_A_M|dato~170                      ; Lost fanout                            ;
; RAM:R_A_M|dato~171                      ; Lost fanout                            ;
; RAM:R_A_M|dato~172                      ; Lost fanout                            ;
; RAM:R_A_M|dato~173                      ; Lost fanout                            ;
; RAM:R_A_M|dato~174                      ; Lost fanout                            ;
; RAM:R_A_M|dato~175                      ; Lost fanout                            ;
; RAM:R_A_M|dato~176                      ; Lost fanout                            ;
; RAM:R_A_M|dato~177                      ; Lost fanout                            ;
; RAM:R_A_M|dato~178                      ; Lost fanout                            ;
; RAM:R_A_M|dato~179                      ; Lost fanout                            ;
; RAM:R_A_M|dato~180                      ; Lost fanout                            ;
; RAM:R_A_M|dato~197                      ; Lost fanout                            ;
; RAM:R_A_M|dato~198                      ; Lost fanout                            ;
; RAM:R_A_M|dato~199                      ; Lost fanout                            ;
; RAM:R_A_M|dato~200                      ; Lost fanout                            ;
; RAM:R_A_M|dato~201                      ; Lost fanout                            ;
; RAM:R_A_M|dato~202                      ; Lost fanout                            ;
; RAM:R_A_M|dato~203                      ; Lost fanout                            ;
; RAM:R_A_M|dato~204                      ; Lost fanout                            ;
; RAM:R_A_M|dato~205                      ; Lost fanout                            ;
; RAM:R_A_M|dato~206                      ; Lost fanout                            ;
; RAM:R_A_M|dato~207                      ; Lost fanout                            ;
; RAM:R_A_M|dato~208                      ; Lost fanout                            ;
; RAM:R_A_M|dato~209                      ; Lost fanout                            ;
; RAM:R_A_M|dato~210                      ; Lost fanout                            ;
; RAM:R_A_M|dato~211                      ; Lost fanout                            ;
; RAM:R_A_M|dato~212                      ; Lost fanout                            ;
; RAM:R_A_M|dato~229                      ; Lost fanout                            ;
; RAM:R_A_M|dato~230                      ; Lost fanout                            ;
; RAM:R_A_M|dato~231                      ; Lost fanout                            ;
; RAM:R_A_M|dato~232                      ; Lost fanout                            ;
; RAM:R_A_M|dato~233                      ; Lost fanout                            ;
; RAM:R_A_M|dato~234                      ; Lost fanout                            ;
; RAM:R_A_M|dato~235                      ; Lost fanout                            ;
; RAM:R_A_M|dato~236                      ; Lost fanout                            ;
; RAM:R_A_M|dato~237                      ; Lost fanout                            ;
; RAM:R_A_M|dato~238                      ; Lost fanout                            ;
; RAM:R_A_M|dato~239                      ; Lost fanout                            ;
; RAM:R_A_M|dato~240                      ; Lost fanout                            ;
; RAM:R_A_M|dato~241                      ; Lost fanout                            ;
; RAM:R_A_M|dato~242                      ; Lost fanout                            ;
; RAM:R_A_M|dato~243                      ; Lost fanout                            ;
; RAM:R_A_M|dato~244                      ; Lost fanout                            ;
; RAM:R_A_M|dato~261                      ; Lost fanout                            ;
; RAM:R_A_M|dato~262                      ; Lost fanout                            ;
; RAM:R_A_M|dato~263                      ; Lost fanout                            ;
; RAM:R_A_M|dato~264                      ; Lost fanout                            ;
; RAM:R_A_M|dato~265                      ; Lost fanout                            ;
; RAM:R_A_M|dato~266                      ; Lost fanout                            ;
; RAM:R_A_M|dato~267                      ; Lost fanout                            ;
; RAM:R_A_M|dato~268                      ; Lost fanout                            ;
; RAM:R_A_M|dato~269                      ; Lost fanout                            ;
; RAM:R_A_M|dato~270                      ; Lost fanout                            ;
; RAM:R_A_M|dato~271                      ; Lost fanout                            ;
; RAM:R_A_M|dato~272                      ; Lost fanout                            ;
; RAM:R_A_M|dato~273                      ; Lost fanout                            ;
; RAM:R_A_M|dato~274                      ; Lost fanout                            ;
; RAM:R_A_M|dato~275                      ; Lost fanout                            ;
; RAM:R_A_M|dato~276                      ; Lost fanout                            ;
; Total Number of Removed Registers = 129 ;                                        ;
+-----------------------------------------+----------------------------------------+


+------------------------------------------------------+
; General Register Statistics                          ;
+----------------------------------------------+-------+
; Statistic                                    ; Value ;
+----------------------------------------------+-------+
; Total registers                              ; 412   ;
; Number of registers using Synchronous Clear  ; 0     ;
; Number of registers using Synchronous Load   ; 16    ;
; Number of registers using Asynchronous Clear ; 284   ;
; Number of registers using Asynchronous Load  ; 0     ;
; Number of registers using Clock Enable       ; 395   ;
; Number of registers using Preset             ; 0     ;
+----------------------------------------------+-------+


+--------------------------------------------------------------------------------------------------------------------------------------------------------------------------------+
; Multiplexer Restructuring Statistics (Restructuring Performed)                                                                                                                 ;
+--------------------+-----------+---------------+----------------------+------------------------+------------+------------------------------------------------------------------+
; Multiplexer Inputs ; Bus Width ; Baseline Area ; Area if Restructured ; Saving if Restructured ; Registered ; Example Multiplexer Output                                       ;
+--------------------+-----------+---------------+----------------------+------------------------+------------+------------------------------------------------------------------+
; 3:1                ; 4 bits    ; 8 LEs         ; 8 LEs                ; 0 LEs                  ; No         ; |procesador|dec_instruccion:dec_int|Mux2                         ;
; 8:1                ; 6 bits    ; 30 LEs        ; 30 LEs               ; 0 LEs                  ; No         ; |procesador|ALU:A_L_U|Mux6                                       ;
; 3:1                ; 13 bits   ; 26 LEs        ; 26 LEs               ; 0 LEs                  ; No         ; |procesador|offset_aux[0]                                        ;
; 3:1                ; 8 bits    ; 16 LEs        ; 16 LEs               ; 0 LEs                  ; No         ; |procesador|dato_I_aux[0]                                        ;
; 5:1                ; 4 bits    ; 12 LEs        ; 8 LEs                ; 4 LEs                  ; No         ; |procesador|dec_instruccion:dec_int|Mux4                         ;
; 5:1                ; 4 bits    ; 12 LEs        ; 8 LEs                ; 4 LEs                  ; No         ; |procesador|dec_instruccion:dec_int|Mux11                        ;
; 32:1               ; 8 bits    ; 168 LEs       ; 168 LEs              ; 0 LEs                  ; No         ; |procesador|archivo_registros:archivo_r|mux32_8:mux_fuente|O[1]  ;
; 32:1               ; 8 bits    ; 168 LEs       ; 168 LEs              ; 0 LEs                  ; No         ; |procesador|archivo_registros:archivo_r|mux32_8:mux_destino|O[3] ;
; 12:1               ; 5 bits    ; 40 LEs        ; 10 LEs               ; 30 LEs                 ; No         ; |procesador|dec_instruccion:dec_int|Mux9                         ;
; 19:1               ; 2 bits    ; 24 LEs        ; 24 LEs               ; 0 LEs                  ; No         ; |procesador|mem_prog:rom|O[0]                                    ;
; 24:1               ; 2 bits    ; 32 LEs        ; 32 LEs               ; 0 LEs                  ; No         ; |procesador|mem_prog:rom|O[14]                                   ;
; 25:1               ; 4 bits    ; 64 LEs        ; 64 LEs               ; 0 LEs                  ; No         ; |procesador|mem_prog:rom|O[10]                                   ;
; 27:1               ; 3 bits    ; 54 LEs        ; 51 LEs               ; 3 LEs                  ; No         ; |procesador|mem_prog:rom|O[2]                                    ;
; 35:1               ; 2 bits    ; 46 LEs        ; 46 LEs               ; 0 LEs                  ; No         ; |procesador|mem_prog:rom|O[6]                                    ;
; 38:1               ; 2 bits    ; 50 LEs        ; 48 LEs               ; 2 LEs                  ; No         ; |procesador|mem_prog:rom|O[5]                                    ;
+--------------------+-----------+---------------+----------------------+------------------------+------------+------------------------------------------------------------------+


+------------------------------------------------------------+
; Parameter Settings for User Entity Instance: stack_p:stack ;
+----------------+-------+-----------------------------------+
; Parameter Name ; Value ; Type                              ;
+----------------+-------+-----------------------------------+
; N              ; 4     ; Signed Integer                    ;
+----------------+-------+-----------------------------------+
Note: In order to hide this table in the UI and the text report file, please set the "Show Parameter Settings in Synthesis Report" option in "Analysis and Synthesis Settings -> More Settings" to "Off".


+----------------------------------------------+
; Port Connectivity Checks: "registro:puertoB" ;
+------+-------+----------+--------------------+
; Port ; Type  ; Severity ; Details            ;
+------+-------+----------+--------------------+
; s    ; Input ; Info     ; Stuck at GND       ;
+------+-------+----------+--------------------+


+----------------------------------------------------------------------------------------------------------------+
; Port Connectivity Checks: "ALU:A_L_U"                                                                          ;
+------+--------+----------+-------------------------------------------------------------------------------------+
; Port ; Type   ; Severity ; Details                                                                             ;
+------+--------+----------+-------------------------------------------------------------------------------------+
; n    ; Output ; Info     ; Connected to dangling logic. Logic that only feeds a dangling port will be removed. ;
; c    ; Output ; Info     ; Connected to dangling logic. Logic that only feeds a dangling port will be removed. ;
+------+--------+----------+-------------------------------------------------------------------------------------+


+---------------------------------------------------------+
; Port Connectivity Checks: "archivo_registros:archivo_r" ;
+---------------+-------+----------+----------------------+
; Port          ; Type  ; Severity ; Details              ;
+---------------+-------+----------+----------------------+
; sel_registros ; Input ; Info     ; Stuck at GND         ;
+---------------+-------+----------+----------------------+


+-------------------------------+
; Elapsed Time Per Partition    ;
+----------------+--------------+
; Partition Name ; Elapsed Time ;
+----------------+--------------+
; Top            ; 00:00:04     ;
+----------------+--------------+


+-------------------------------+
; Analysis & Synthesis Messages ;
+-------------------------------+
Info: *******************************************************************
Info: Running Quartus II 64-Bit Analysis & Synthesis
    Info: Version 13.0.1 Build 232 06/12/2013 Service Pack 1 SJ Web Edition
    Info: Processing started: Wed Nov 27 10:57:39 2024
Info: Command: quartus_map --read_settings_files=on --write_settings_files=off procesador -c procesador
Warning (20028): Parallel compilation is not licensed and has been disabled
Info (12021): Found 2 design units, including 1 entities, in source file stack_p.vhd
    Info (12022): Found design unit 1: stack_p-Behavioral
    Info (12023): Found entity 1: stack_p
Info (12021): Found 2 design units, including 1 entities, in source file ram.vhd
    Info (12022): Found design unit 1: RAM-Behavioral
    Info (12023): Found entity 1: RAM
Info (12021): Found 2 design units, including 1 entities, in source file sreg.vhd
    Info (12022): Found design unit 1: sreg-Behavioral
    Info (12023): Found entity 1: sreg
Info (12021): Found 2 design units, including 1 entities, in source file ext_sig_rjump.vhd
    Info (12022): Found design unit 1: ext_sig_rjump-Behavioral
    Info (12023): Found entity 1: ext_sig_rjump
Info (12021): Found 2 design units, including 1 entities, in source file ext_sig_br.vhd
    Info (12022): Found design unit 1: ext_sig_br-Behavioral
    Info (12023): Found entity 1: ext_sig_br
Info (12021): Found 2 design units, including 1 entities, in source file registro.vhd
    Info (12022): Found design unit 1: registro-Behavioral
    Info (12023): Found entity 1: registro
Info (12021): Found 2 design units, including 1 entities, in source file program_c.vhd
    Info (12022): Found design unit 1: program_c-Behavioral
    Info (12023): Found entity 1: program_c
Info (12021): Found 2 design units, including 1 entities, in source file mem_prog.vhd
    Info (12022): Found design unit 1: mem_prog-Behavioral
    Info (12023): Found entity 1: mem_prog
Info (12021): Found 2 design units, including 1 entities, in source file dec_instruccion.vhd
    Info (12022): Found design unit 1: dec_instruccion-Behavioral
    Info (12023): Found entity 1: dec_instruccion
Warning (12019): Can't analyze file -- file archivos_registros.vhd is missing
Info (12021): Found 2 design units, including 1 entities, in source file alu.vhd
    Info (12022): Found design unit 1: ALU-Behavioral
    Info (12023): Found entity 1: ALU
Info (12021): Found 2 design units, including 1 entities, in source file procesador.vhd
    Info (12022): Found design unit 1: procesador-Behavioral
    Info (12023): Found entity 1: procesador
Info (12021): Found 2 design units, including 1 entities, in source file ext_sig_rjmp.vhd
    Info (12022): Found design unit 1: ext_sig_rjmp-Behavioral
    Info (12023): Found entity 1: ext_sig_rjmp
Info (12127): Elaborating entity "procesador" for the top level hierarchy
Info (12128): Elaborating entity "ext_sig_br" for hierarchy "ext_sig_br:ext_s1"
Info (12128): Elaborating entity "ext_sig_rjmp" for hierarchy "ext_sig_rjmp:ext_s2"
Info (12128): Elaborating entity "program_c" for hierarchy "program_c:pc"
Info (12128): Elaborating entity "mem_prog" for hierarchy "mem_prog:rom"
Info (12128): Elaborating entity "dec_instruccion" for hierarchy "dec_instruccion:dec_int"
Warning (12125): Using design file archivo_registros.vhd, which is not specified as a design file for the current project, but contains definitions for 2 design units and 1 entities in project
    Info (12022): Found design unit 1: archivo_registros-Behavioral
    Info (12023): Found entity 1: archivo_registros
Info (12128): Elaborating entity "archivo_registros" for hierarchy "archivo_registros:archivo_r"
Warning (12125): Using design file dec5_32.vhd, which is not specified as a design file for the current project, but contains definitions for 2 design units and 1 entities in project
    Info (12022): Found design unit 1: dec5_32-behavioral
    Info (12023): Found entity 1: dec5_32
Info (12128): Elaborating entity "dec5_32" for hierarchy "archivo_registros:archivo_r|dec5_32:decodificador"
Warning (10492): VHDL Process Statement warning at dec5_32.vhd(15): signal "en_w" is read inside the Process Statement but isn't in the Process Statement's sensitivity list
Warning (12125): Using design file mux32_8.vhd, which is not specified as a design file for the current project, but contains definitions for 2 design units and 1 entities in project
    Info (12022): Found design unit 1: mux32_8-behavioral
    Info (12023): Found entity 1: mux32_8
Info (12128): Elaborating entity "mux32_8" for hierarchy "archivo_registros:archivo_r|mux32_8:mux_fuente"
Info (12128): Elaborating entity "registro" for hierarchy "archivo_registros:archivo_r|registro:reg0"
Info (12128): Elaborating entity "ALU" for hierarchy "ALU:A_L_U"
Info (12128): Elaborating entity "sreg" for hierarchy "sreg:registro_s"
Info (12128): Elaborating entity "RAM" for hierarchy "RAM:R_A_M"
Info (12128): Elaborating entity "stack_p" for hierarchy "stack_p:stack"
Info (276014): Found 2 instances of uninferred RAM logic
    Info (276007): RAM logic "RAM:R_A_M|dato" is uninferred due to asynchronous read logic
    Info (276007): RAM logic "archivo_registros:archivo_r|dec5_32:decodificador|Ram0" is uninferred due to asynchronous read logic
Info (286030): Timing-Driven Synthesis is running
Info (17049): 128 registers lost all their fanouts during netlist optimizations.
Info (16010): Generating hard_block partition "hard_block:auto_generated_inst"
    Info (16011): Adding 0 node(s), including 0 DDIO, 0 PLL, 0 transceiver and 0 LCELL
Info (21057): Implemented 1242 device resources after synthesis - the final resource count might be different
    Info (21058): Implemented 2 input pins
    Info (21059): Implemented 8 output pins
    Info (21061): Implemented 1232 logic cells
Info: Quartus II 64-Bit Analysis & Synthesis was successful. 0 errors, 6 warnings
    Info: Peak virtual memory: 4636 megabytes
    Info: Processing ended: Wed Nov 27 10:57:45 2024
    Info: Elapsed time: 00:00:06
    Info: Total CPU time (on all processors): 00:00:06


